[INFO] Scanning for projects...
[INFO] 
[INFO] -----------< elytra.stations-management:stations-management >-----------
[INFO] Building stations-management 0.0.1-SNAPSHOT
[INFO]   from pom.xml
[INFO] --------------------------------[ jar ]---------------------------------
[INFO] 
[INFO] >>> spring-boot:3.2.3:run (default-cli) > test-compile @ stations-management >>>
[INFO] 
[INFO] --- jacoco:0.8.11:prepare-agent (prepare-agent) @ stations-management ---
[INFO] argLine set to -javaagent:/Users/martimsantos/.m2/repository/org/jacoco/org.jacoco.agent/0.8.11/org.jacoco.agent-0.8.11-runtime.jar=destfile=/Users/martimsantos/Desktop/Universidade/elytra/stations-management/target/jacoco.exec,excludes=**/StationsManagementApplication.class
[INFO] 
[INFO] --- resources:3.3.1:resources (default-resources) @ stations-management ---
[INFO] Copying 2 resources from src/main/resources to target/classes
[INFO] Copying 0 resource from src/main/resources to target/classes
[INFO] 
[INFO] --- compiler:3.11.0:compile (default-compile) @ stations-management ---
[INFO] Nothing to compile - all classes are up to date
[INFO] 
[INFO] --- resources:3.3.1:testResources (default-testResources) @ stations-management ---
[INFO] Copying 3 resources from src/test/resources to target/test-classes
[INFO] 
[INFO] --- compiler:3.11.0:testCompile (default-testCompile) @ stations-management ---
[INFO] Nothing to compile - all classes are up to date
[INFO] 
[INFO] <<< spring-boot:3.2.3:run (default-cli) < test-compile @ stations-management <<<
[INFO] 
[INFO] 
[INFO] --- spring-boot:3.2.3:run (default-cli) @ stations-management ---
[INFO] Attaching agents: []

  .   ____          _            __ _ _
 /\\ / ___'_ __ _ _(_)_ __  __ _ \ \ \ \
( ( )\___ | '_ | '_| | '_ \/ _` | \ \ \ \
 \\/  ___)| |_)| | | | | || (_| |  ) ) ) )
  '  |____| .__|_| |_|_| |_\__, | / / / /
 =========|_|==============|___/=/_/_/_/
 :: Spring Boot ::                (v3.2.3)

2025-06-05T08:28:29.480+01:00  INFO 71855 --- [stations-management] [  restartedMain] e.s.StationsManagementApplication        : Starting StationsManagementApplication using Java 21.0.3 with PID 71855 (/Users/martimsantos/Desktop/Universidade/elytra/stations-management/target/classes started by martimsantos in /Users/martimsantos/Desktop/Universidade/elytra/stations-management)
2025-06-05T08:28:29.481+01:00  INFO 71855 --- [stations-management] [  restartedMain] e.s.StationsManagementApplication        : No active profile set, falling back to 1 default profile: "default"
2025-06-05T08:28:29.494+01:00  INFO 71855 --- [stations-management] [  restartedMain] .e.DevToolsPropertyDefaultsPostProcessor : Devtools property defaults active! Set 'spring.devtools.add-properties' to 'false' to disable
2025-06-05T08:28:29.495+01:00  INFO 71855 --- [stations-management] [  restartedMain] .e.DevToolsPropertyDefaultsPostProcessor : For additional web related logging consider setting the 'logging.level.web' property to 'DEBUG'
2025-06-05T08:28:29.800+01:00  INFO 71855 --- [stations-management] [  restartedMain] .s.d.r.c.RepositoryConfigurationDelegate : Bootstrapping Spring Data JPA repositories in DEFAULT mode.
2025-06-05T08:28:29.818+01:00  INFO 71855 --- [stations-management] [  restartedMain] .s.d.r.c.RepositoryConfigurationDelegate : Finished Spring Data repository scanning in 16 ms. Found 8 JPA repository interfaces.
2025-06-05T08:28:30.086+01:00  INFO 71855 --- [stations-management] [  restartedMain] o.s.b.w.embedded.tomcat.TomcatWebServer  : Tomcat initialized with port 8080 (http)
2025-06-05T08:28:30.090+01:00  INFO 71855 --- [stations-management] [  restartedMain] o.apache.catalina.core.StandardService   : Starting service [Tomcat]
2025-06-05T08:28:30.090+01:00  INFO 71855 --- [stations-management] [  restartedMain] o.apache.catalina.core.StandardEngine    : Starting Servlet engine: [Apache Tomcat/10.1.19]
2025-06-05T08:28:30.103+01:00  INFO 71855 --- [stations-management] [  restartedMain] o.a.c.c.C.[Tomcat].[localhost].[/]       : Initializing Spring embedded WebApplicationContext
2025-06-05T08:28:30.103+01:00  INFO 71855 --- [stations-management] [  restartedMain] w.s.c.ServletWebServerApplicationContext : Root WebApplicationContext: initialization completed in 608 ms
2025-06-05T08:28:30.153+01:00  INFO 71855 --- [stations-management] [  restartedMain] com.zaxxer.hikari.HikariDataSource       : HikariPool-1 - Starting...
2025-06-05T08:28:30.207+01:00  INFO 71855 --- [stations-management] [  restartedMain] com.zaxxer.hikari.pool.HikariPool        : HikariPool-1 - Added connection conn0: url=jdbc:h2:mem:testdb user=SA
2025-06-05T08:28:30.210+01:00  INFO 71855 --- [stations-management] [  restartedMain] com.zaxxer.hikari.HikariDataSource       : HikariPool-1 - Start completed.
2025-06-05T08:28:30.214+01:00  INFO 71855 --- [stations-management] [  restartedMain] o.s.b.a.h2.H2ConsoleAutoConfiguration    : H2 console available at '/h2-console'. Database available at 'jdbc:h2:mem:testdb'
2025-06-05T08:28:30.272+01:00  INFO 71855 --- [stations-management] [  restartedMain] o.hibernate.jpa.internal.util.LogHelper  : HHH000204: Processing PersistenceUnitInfo [name: default]
2025-06-05T08:28:30.286+01:00  INFO 71855 --- [stations-management] [  restartedMain] org.hibernate.Version                    : HHH000412: Hibernate ORM core version 6.4.4.Final
2025-06-05T08:28:30.295+01:00  INFO 71855 --- [stations-management] [  restartedMain] o.h.c.internal.RegionFactoryInitiator    : HHH000026: Second-level cache disabled
2025-06-05T08:28:30.355+01:00  INFO 71855 --- [stations-management] [  restartedMain] o.s.o.j.p.SpringPersistenceUnitInfo      : No LoadTimeWeaver setup: ignoring JPA class transformer
2025-06-05T08:28:30.368+01:00  WARN 71855 --- [stations-management] [  restartedMain] org.hibernate.orm.deprecation            : HHH90000025: H2Dialect does not need to be specified explicitly using 'hibernate.dialect' (remove the property setting and it will be selected by default)
2025-06-05T08:28:30.673+01:00  INFO 71855 --- [stations-management] [  restartedMain] o.h.e.t.j.p.i.JtaPlatformInitiator       : HHH000489: No JTA platform available (set 'hibernate.transaction.jta.platform' to enable JTA platform integration)
2025-06-05T08:28:30.695+01:00  INFO 71855 --- [stations-management] [  restartedMain] j.LocalContainerEntityManagerFactoryBean : Initialized JPA EntityManagerFactory for persistence unit 'default'
2025-06-05T08:28:30.941+01:00  INFO 71855 --- [stations-management] [  restartedMain] o.s.d.j.r.query.QueryEnhancerFactory     : Hibernate is in classpath; If applicable, HQL parser will be used.
2025-06-05T08:28:31.241+01:00  WARN 71855 --- [stations-management] [  restartedMain] JpaBaseConfiguration$JpaWebConfiguration : spring.jpa.open-in-view is enabled by default. Therefore, database queries may be performed during view rendering. Explicitly configure spring.jpa.open-in-view to disable this warning
2025-06-05T08:28:31.367+01:00  INFO 71855 --- [stations-management] [  restartedMain] o.s.b.a.e.web.EndpointLinksResolver      : Exposing 4 endpoint(s) beneath base path '/actuator'
2025-06-05T08:28:31.403+01:00  INFO 71855 --- [stations-management] [  restartedMain] o.s.s.web.DefaultSecurityFilterChain     : Will secure any request with [org.springframework.security.web.session.DisableEncodeUrlFilter@3698d01e, org.springframework.security.web.context.request.async.WebAsyncManagerIntegrationFilter@60a0f4c5, org.springframework.security.web.context.SecurityContextHolderFilter@53d4113f, org.springframework.security.web.header.HeaderWriterFilter@312171d, org.springframework.web.filter.CorsFilter@64bb237e, org.springframework.security.web.authentication.logout.LogoutFilter@7393b03b, elytra.stations_management.filter.JwtAuthFilter@3ef6722e, org.springframework.security.web.savedrequest.RequestCacheAwareFilter@19eb026f, org.springframework.security.web.servletapi.SecurityContextHolderAwareRequestFilter@479966fc, org.springframework.security.web.authentication.AnonymousAuthenticationFilter@549aec2a, org.springframework.security.web.session.SessionManagementFilter@788d1723, org.springframework.security.web.access.ExceptionTranslationFilter@205c54dd, org.springframework.security.web.access.intercept.AuthorizationFilter@1c2c5d78]
2025-06-05T08:28:31.606+01:00  INFO 71855 --- [stations-management] [  restartedMain] o.s.b.d.a.OptionalLiveReloadServer       : LiveReload server is running on port 35729
2025-06-05T08:28:31.632+01:00  INFO 71855 --- [stations-management] [  restartedMain] o.s.b.w.embedded.tomcat.TomcatWebServer  : Tomcat started on port 8080 (http) with context path ''
2025-06-05T08:28:31.638+01:00  INFO 71855 --- [stations-management] [  restartedMain] e.s.StationsManagementApplication        : Started StationsManagementApplication in 2.248 seconds (process running for 2.392)
2025-06-05T08:28:31.701+01:00  INFO 71855 --- [stations-management] [  restartedMain] e.s.config.DataInitializer               : Creating initial admin user...
2025-06-05T08:28:31.783+01:00  INFO 71855 --- [stations-management] [  restartedMain] e.s.config.DataInitializer               : Initial admin user created successfully with username: admin
2025-06-05T08:28:55.019+01:00  INFO 71855 --- [stations-management] [nio-8080-exec-1] o.a.c.c.C.[Tomcat].[localhost].[/]       : Initializing Spring DispatcherServlet 'dispatcherServlet'
2025-06-05T08:28:55.019+01:00  INFO 71855 --- [stations-management] [nio-8080-exec-1] o.s.web.servlet.DispatcherServlet        : Initializing Servlet 'dispatcherServlet'
2025-06-05T08:28:55.019+01:00  INFO 71855 --- [stations-management] [nio-8080-exec-1] o.s.web.servlet.DispatcherServlet        : Completed initialization in 0 ms
2025-06-05T08:35:30.058+01:00  WARN 71855 --- [stations-management] [io-8080-exec-10] .w.s.m.s.DefaultHandlerExceptionResolver : Resolved [org.springframework.web.HttpRequestMethodNotSupportedException: Request method 'GET' is not supported]
2025-06-05T08:54:21.321+01:00  INFO 71855 --- [stations-management] [ionShutdownHook] j.LocalContainerEntityManagerFactoryBean : Closing JPA EntityManagerFactory for persistence unit 'default'
2025-06-05T08:54:21.332+01:00  WARN 71855 --- [stations-management] [ionShutdownHook] o.s.b.f.support.DisposableBeanAdapter    : Invocation of destroy method failed on bean with name 'inMemoryDatabaseShutdownExecutor': org.h2.jdbc.JdbcSQLNonTransientConnectionException: Database is already closed (to disable automatic closing at VM shutdown, add ";DB_CLOSE_ON_EXIT=FALSE" to the db URL) [90121-224]
2025-06-05T08:54:21.333+01:00  INFO 71855 --- [stations-management] [ionShutdownHook] com.zaxxer.hikari.HikariDataSource       : HikariPool-1 - Shutdown initiated...
2025-06-05T08:54:21.334+01:00  INFO 71855 --- [stations-management] [ionShutdownHook] com.zaxxer.hikari.HikariDataSource       : HikariPool-1 - Shutdown completed.
[INFO] ------------------------------------------------------------------------
[INFO] BUILD FAILURE
[INFO] ------------------------------------------------------------------------
[INFO] Total time:  25:53 min
[INFO] Finished at: 2025-06-05T08:54:21+01:00
[INFO] ------------------------------------------------------------------------
[ERROR] Failed to execute goal org.springframework.boot:spring-boot-maven-plugin:3.2.3:run (default-cli) on project stations-management: Process terminated with exit code: 143 -> [Help 1]
[ERROR] 
[ERROR] To see the full stack trace of the errors, re-run Maven with the -e switch.
[ERROR] Re-run Maven using the -X switch to enable full debug logging.
[ERROR] 
[ERROR] For more information about the errors and possible solutions, please read the following articles:
[ERROR] [Help 1] http://cwiki.apache.org/confluence/display/MAVEN/MojoExecutionException
