[INFO] Scanning for projects...
[INFO] 
[INFO] -----------< elytra.stations-management:stations-management >-----------
[INFO] Building stations-management 0.0.1-SNAPSHOT
[INFO]   from pom.xml
[INFO] --------------------------------[ jar ]---------------------------------
[INFO] 
[INFO] >>> spring-boot:3.2.3:run (default-cli) > test-compile @ stations-management >>>
[INFO] 
[INFO] --- jacoco:0.8.11:prepare-agent (prepare-agent) @ stations-management ---
[INFO] argLine set to -javaagent:/Users/martimsantos/.m2/repository/org/jacoco/org.jacoco.agent/0.8.11/org.jacoco.agent-0.8.11-runtime.jar=destfile=/Users/martimsantos/Desktop/Universidade/elytra/stations-management/target/jacoco.exec,excludes=**/StationsManagementApplication.class
[INFO] 
[INFO] --- resources:3.3.1:resources (default-resources) @ stations-management ---
[INFO] Copying 2 resources from src/main/resources to target/classes
[INFO] Copying 0 resource from src/main/resources to target/classes
[INFO] 
[INFO] --- compiler:3.11.0:compile (default-compile) @ stations-management ---
[INFO] Changes detected - recompiling the module! :source
[INFO] Compiling 53 source files with javac [debug release 21] to target/classes
[INFO] 
[INFO] --- resources:3.3.1:testResources (default-testResources) @ stations-management ---
[INFO] Copying 3 resources from src/test/resources to target/test-classes
[INFO] 
[INFO] --- compiler:3.11.0:testCompile (default-testCompile) @ stations-management ---
[INFO] Changes detected - recompiling the module! :dependency
[INFO] Compiling 39 source files with javac [debug release 21] to target/test-classes
[INFO] /Users/martimsantos/Desktop/Universidade/elytra/stations-management/src/test/java/elytra/stations_management/exception/GlobalExceptionHandlerTest.java: /Users/martimsantos/Desktop/Universidade/elytra/stations-management/src/test/java/elytra/stations_management/exception/GlobalExceptionHandlerTest.java uses unchecked or unsafe operations.
[INFO] /Users/martimsantos/Desktop/Universidade/elytra/stations-management/src/test/java/elytra/stations_management/exception/GlobalExceptionHandlerTest.java: Recompile with -Xlint:unchecked for details.
[INFO] 
[INFO] <<< spring-boot:3.2.3:run (default-cli) < test-compile @ stations-management <<<
[INFO] 
[INFO] 
[INFO] --- spring-boot:3.2.3:run (default-cli) @ stations-management ---
[INFO] Attaching agents: []

  .   ____          _            __ _ _
 /\\ / ___'_ __ _ _(_)_ __  __ _ \ \ \ \
( ( )\___ | '_ | '_| | '_ \/ _` | \ \ \ \
 \\/  ___)| |_)| | | | | || (_| |  ) ) ) )
  '  |____| .__|_| |_|_| |_\__, | / / / /
 =========|_|==============|___/=/_/_/_/
 :: Spring Boot ::                (v3.2.3)

2025-06-09T23:41:13.172+01:00  INFO 40054 --- [stations-management] [  restartedMain] e.s.StationsManagementApplication        : Starting StationsManagementApplication using Java 21.0.3 with PID 40054 (/Users/martimsantos/Desktop/Universidade/elytra/stations-management/target/classes started by martimsantos in /Users/martimsantos/Desktop/Universidade/elytra/stations-management)
2025-06-09T23:41:13.173+01:00  INFO 40054 --- [stations-management] [  restartedMain] e.s.StationsManagementApplication        : No active profile set, falling back to 1 default profile: "default"
2025-06-09T23:41:13.188+01:00  INFO 40054 --- [stations-management] [  restartedMain] .e.DevToolsPropertyDefaultsPostProcessor : Devtools property defaults active! Set 'spring.devtools.add-properties' to 'false' to disable
2025-06-09T23:41:13.188+01:00  INFO 40054 --- [stations-management] [  restartedMain] .e.DevToolsPropertyDefaultsPostProcessor : For additional web related logging consider setting the 'logging.level.web' property to 'DEBUG'
2025-06-09T23:41:13.521+01:00  INFO 40054 --- [stations-management] [  restartedMain] .s.d.r.c.RepositoryConfigurationDelegate : Bootstrapping Spring Data JPA repositories in DEFAULT mode.
2025-06-09T23:41:13.539+01:00  INFO 40054 --- [stations-management] [  restartedMain] .s.d.r.c.RepositoryConfigurationDelegate : Finished Spring Data repository scanning in 15 ms. Found 8 JPA repository interfaces.
2025-06-09T23:41:13.824+01:00  INFO 40054 --- [stations-management] [  restartedMain] o.s.b.w.embedded.tomcat.TomcatWebServer  : Tomcat initialized with port 8080 (http)
2025-06-09T23:41:13.829+01:00  INFO 40054 --- [stations-management] [  restartedMain] o.apache.catalina.core.StandardService   : Starting service [Tomcat]
2025-06-09T23:41:13.829+01:00  INFO 40054 --- [stations-management] [  restartedMain] o.apache.catalina.core.StandardEngine    : Starting Servlet engine: [Apache Tomcat/10.1.19]
2025-06-09T23:41:13.842+01:00  INFO 40054 --- [stations-management] [  restartedMain] o.a.c.c.C.[Tomcat].[localhost].[/]       : Initializing Spring embedded WebApplicationContext
2025-06-09T23:41:13.843+01:00  INFO 40054 --- [stations-management] [  restartedMain] w.s.c.ServletWebServerApplicationContext : Root WebApplicationContext: initialization completed in 654 ms
2025-06-09T23:41:13.892+01:00  INFO 40054 --- [stations-management] [  restartedMain] com.zaxxer.hikari.HikariDataSource       : HikariPool-1 - Starting...
2025-06-09T23:41:13.952+01:00  INFO 40054 --- [stations-management] [  restartedMain] com.zaxxer.hikari.pool.HikariPool        : HikariPool-1 - Added connection conn0: url=jdbc:h2:mem:testdb user=SA
2025-06-09T23:41:13.952+01:00  INFO 40054 --- [stations-management] [  restartedMain] com.zaxxer.hikari.HikariDataSource       : HikariPool-1 - Start completed.
2025-06-09T23:41:13.955+01:00  INFO 40054 --- [stations-management] [  restartedMain] o.s.b.a.h2.H2ConsoleAutoConfiguration    : H2 console available at '/h2-console'. Database available at 'jdbc:h2:mem:testdb'
2025-06-09T23:41:14.015+01:00  INFO 40054 --- [stations-management] [  restartedMain] o.hibernate.jpa.internal.util.LogHelper  : HHH000204: Processing PersistenceUnitInfo [name: default]
2025-06-09T23:41:14.031+01:00  INFO 40054 --- [stations-management] [  restartedMain] org.hibernate.Version                    : HHH000412: Hibernate ORM core version 6.4.4.Final
2025-06-09T23:41:14.039+01:00  INFO 40054 --- [stations-management] [  restartedMain] o.h.c.internal.RegionFactoryInitiator    : HHH000026: Second-level cache disabled
2025-06-09T23:41:14.103+01:00  INFO 40054 --- [stations-management] [  restartedMain] o.s.o.j.p.SpringPersistenceUnitInfo      : No LoadTimeWeaver setup: ignoring JPA class transformer
2025-06-09T23:41:14.116+01:00  WARN 40054 --- [stations-management] [  restartedMain] org.hibernate.orm.deprecation            : HHH90000025: H2Dialect does not need to be specified explicitly using 'hibernate.dialect' (remove the property setting and it will be selected by default)
2025-06-09T23:41:14.419+01:00  INFO 40054 --- [stations-management] [  restartedMain] o.h.e.t.j.p.i.JtaPlatformInitiator       : HHH000489: No JTA platform available (set 'hibernate.transaction.jta.platform' to enable JTA platform integration)
2025-06-09T23:41:14.442+01:00  INFO 40054 --- [stations-management] [  restartedMain] j.LocalContainerEntityManagerFactoryBean : Initialized JPA EntityManagerFactory for persistence unit 'default'
2025-06-09T23:41:14.708+01:00  INFO 40054 --- [stations-management] [  restartedMain] o.s.d.j.r.query.QueryEnhancerFactory     : Hibernate is in classpath; If applicable, HQL parser will be used.
2025-06-09T23:41:15.028+01:00  WARN 40054 --- [stations-management] [  restartedMain] JpaBaseConfiguration$JpaWebConfiguration : spring.jpa.open-in-view is enabled by default. Therefore, database queries may be performed during view rendering. Explicitly configure spring.jpa.open-in-view to disable this warning
2025-06-09T23:41:15.165+01:00  INFO 40054 --- [stations-management] [  restartedMain] o.s.b.a.e.web.EndpointLinksResolver      : Exposing 4 endpoint(s) beneath base path '/actuator'
2025-06-09T23:41:15.206+01:00  INFO 40054 --- [stations-management] [  restartedMain] o.s.s.web.DefaultSecurityFilterChain     : Will secure any request with [org.springframework.security.web.session.DisableEncodeUrlFilter@592c0276, org.springframework.security.web.context.request.async.WebAsyncManagerIntegrationFilter@58bc18d7, org.springframework.security.web.context.SecurityContextHolderFilter@3d72475f, org.springframework.security.web.header.HeaderWriterFilter@1e620ac9, org.springframework.web.filter.CorsFilter@30e2b979, org.springframework.security.web.authentication.logout.LogoutFilter@7b713aaa, elytra.stations_management.filter.JwtAuthFilter@4db85e54, org.springframework.security.web.savedrequest.RequestCacheAwareFilter@3ac4a242, org.springframework.security.web.servletapi.SecurityContextHolderAwareRequestFilter@7a58727c, org.springframework.security.web.authentication.AnonymousAuthenticationFilter@21ee7110, org.springframework.security.web.session.SessionManagementFilter@2bbc8c5b, org.springframework.security.web.access.ExceptionTranslationFilter@5c6f44, org.springframework.security.web.access.intercept.AuthorizationFilter@43cf988]
2025-06-09T23:41:15.436+01:00  INFO 40054 --- [stations-management] [  restartedMain] o.s.b.d.a.OptionalLiveReloadServer       : LiveReload server is running on port 35729
2025-06-09T23:41:15.466+01:00  INFO 40054 --- [stations-management] [  restartedMain] o.s.b.w.embedded.tomcat.TomcatWebServer  : Tomcat started on port 8080 (http) with context path ''
2025-06-09T23:41:15.473+01:00  INFO 40054 --- [stations-management] [  restartedMain] e.s.StationsManagementApplication        : Started StationsManagementApplication in 2.405 seconds (process running for 2.565)
2025-06-09T23:41:15.560+01:00  INFO 40054 --- [stations-management] [  restartedMain] e.s.config.DataInitializer               : Creating initial admin user...
2025-06-09T23:41:15.646+01:00  INFO 40054 --- [stations-management] [  restartedMain] e.s.config.DataInitializer               : Initial admin user created successfully with username: admin
2025-06-09T23:43:29.571+01:00  INFO 40054 --- [stations-management] [ionShutdownHook] j.LocalContainerEntityManagerFactoryBean : Closing JPA EntityManagerFactory for persistence unit 'default'
2025-06-09T23:43:29.582+01:00  WARN 40054 --- [stations-management] [ionShutdownHook] o.s.b.f.support.DisposableBeanAdapter    : Invocation of destroy method failed on bean with name 'inMemoryDatabaseShutdownExecutor': org.h2.jdbc.JdbcSQLNonTransientConnectionException: Database is already closed (to disable automatic closing at VM shutdown, add ";DB_CLOSE_ON_EXIT=FALSE" to the db URL) [90121-224]
2025-06-09T23:43:29.582+01:00  INFO 40054 --- [stations-management] [ionShutdownHook] com.zaxxer.hikari.HikariDataSource       : HikariPool-1 - Shutdown initiated...
2025-06-09T23:43:29.584+01:00  INFO 40054 --- [stations-management] [ionShutdownHook] com.zaxxer.hikari.HikariDataSource       : HikariPool-1 - Shutdown completed.
